  
 Ions:
 [H2+]
 [H-]
 [H3+]
 [H+]
  
 Neutrals:
 [H2]
 [H]
  
 Reactions:
  1 [e]+[H]->[e]+[H]                  10.20
  2 [e]+[H]->[e]+[H]                  12.09
  3 [e]+[H]->[e]+[H]                  12.75
  4 [e]+[H]->[e]+[H]                  13.06
  5 [e]+[H]->[e]+[e]+[H+]             13.60
  6 [e]+[H]->[e]+[H]                   0.00
  7 [e]+[H2]->[e]+[H2]                 0.00
  8 [e]+[H2]->[e]+[e]+[H2+]           15.42
  9 [e]+[H2]->[e]+[H+]+[H]+[e]        18.15
 10 [e]+[H2]->[e]+[H+]+[H]+[e]        30.60
 11 [e]+[H2]->[e]+[H2]                 0.04
 12 [e]+[H2]->[e]+[H2]                 0.07
 13 [e]+[H2]->[e]+[H2]                 0.52
 14 [e]+[H2]->[e]+[H2]                 1.00
 15 [e]+[H2]->[e]+[H2]                 1.50
 16 [e]+[H2]->[e]+[H2]                11.37
 17 [e]+[H2]->[e]+[H2]                14.85
 18 [e]+[H2]->[e]+[H2]                15.47
 19 [e]+[H2]->[e]+[H2]                12.40
 20 [e]+[H2]->[e]+[H2]                15.00
 21 [e]+[H2]->[e]+[H2]                15.55
 22 [e]+[H2]->[e]+[H2]                11.72
 23 [e]+[H2]->[e]+[H]+[H]              7.93
 24 [e]+[H2]->[e]+[H]+[H]             14.90
 25 [e]+[H2]->[e]+[H2]                11.72
 26 [e]+[H2]->[e]+[H2]                13.00
 27 [e]+[H2]->[e]+[H]+[H]             13.00
 28 [e]+[H2]->[e]+[H2]                13.60
 29 [e]+[H2]->[e]+[H2]                15.20
 30 [e]+[H3+]->[H]+[H]+[H]             0.00
 31 [e]+[H3+]->[H]+[H2]                0.00
 32 [e]+[H3+]->[e]+[H+]+[H]+[H]       15.00
 33 [e]+[H3+]->[e]+[H+]+[H2]          15.00
 34 [H3+]+[H2]->[H3+]+[H2]             0.00
 35 [H3+]+[H]->[H3+]+[H]               0.00
 36 [e]+[H2+]->[H]+[H]                 0.00
 37 [e]+[H2+]->[e]+[H+]+[H]            2.40
 38 [e]+[H2+]->[e]+[H+]+[H]           14.00
 39 [e]+[H2+]->[e]+[H+]+[H+]+[e]      14.70
 40 [H2+]+[H2]->[H3+]+[H]              0.00
 41 [H2+]+[H2]->[H2+]+[H2]             0.00
 42 [H2+]+[H]->[H2+]+[H]               0.00
 43 [H+]+[H]->[H+]+[H]                 0.00
 44 [H+]+[H]->[H+]+[H]                 0.00
 45 [H+]+[H2]->[H+]+[H2]               0.00
 46 [H+]+[H2]->[H+]+[H2]               0.03
 47 [H+]+[H2]->[H+]+[H2]               0.05
 48 [H+]+[H2]->[H+]+[H2]               0.52
 49 [H+]+[H2]->[H+]+[H2]               1.00
 50 [e]+[H-]->[e]+[e]+[H]              0.75
 51 [e]+[H2]->[H-]+[H]                 0.10
 52 [H-]+[H]->[e]+[H]+[H]              0.00
 53 [H-]+[H]->[e]+[H2]                 0.00
 54 [H-]+[H2]->[H-]+[H2]               0.00
 55 [H-]+[H]->[H-]+[H]                 0.00
 56 [H+]+[H-]->[H]+[H]                 0.00
 57 [H+]+[H-]->[H]+[H]                 0.00
 58 [H+]+[H-]->[H2+]+[e]               0.00
 59 [H-]+[H2]->[H2]+[H]+[e]            0.97
 60 [H-]+[H]->[H]+[H-]                 0.00
 61 [e]+[H2+]->[e]+[H2+]               0.00
